<?xml version="1.0" encoding="UTF-8"?>
<!-- Generated by org.testng.reporters.JUnitReportReporter -->
<testsuite name="CrossBrowser.ThreadLocalDemo" tests="4" time="41.137" ignored="0" failures="0" timestamp="01 Feb 2018 10:27:28 GMT" skipped="0" hostname="RIPLBRD50" errors="0">
  <testcase name="testMethod1" time="8.048" classname="CrossBrowser.ThreadLocalDemo"/>
  <testcase name="testMethod2" time="19.062" classname="CrossBrowser.ThreadLocalDemo"/>
  <testcase name="testMethod1" time="5.586" classname="CrossBrowser.ThreadLocalDemo"/>
  <testcase name="testMethod2" time="8.441" classname="CrossBrowser.ThreadLocalDemo"/>
</testsuite> <!-- CrossBrowser.ThreadLocalDemo -->
