<?xml version="1.0" encoding="UTF-8"?>
<!-- Generated by org.testng.reporters.JUnitReportReporter -->
<testsuite name="CrossBrowser.ThreadLocalDemo" tests="4" time="55.438" ignored="0" failures="0" timestamp="02 Feb 2018 12:08:11 GMT" skipped="0" hostname="RIPLBRD50" errors="0">
  <testcase name="testMethod2" time="7.070" classname="CrossBrowser.ThreadLocalDemo"/>
  <testcase name="testMethod1" time="13.261" classname="CrossBrowser.ThreadLocalDemo"/>
  <testcase name="testMethod2" time="10.512" classname="CrossBrowser.ThreadLocalDemo"/>
  <testcase name="testMethod1" time="24.595" classname="CrossBrowser.ThreadLocalDemo"/>
</testsuite> <!-- CrossBrowser.ThreadLocalDemo -->
