<?xml version="1.0" encoding="UTF-8"?>
<!-- Generated by org.testng.reporters.JUnitReportReporter -->
<testsuite name="com.test.automation.UIAutomation.tests.DashboardTest" tests="2" time="32.163" ignored="0" failures="0" timestamp="04 Jan 2018 10:37:21 GMT" skipped="0" hostname="RIPLBRD50" errors="0">
  <testcase name="selctCandidateListPage" time="25.861" classname="com.test.automation.UIAutomation.tests.DashboardTest"/>
  <testcase name="Logins" time="6.302" classname="com.test.automation.UIAutomation.tests.DashboardTest"/>
</testsuite> <!-- com.test.automation.UIAutomation.tests.DashboardTest -->
