<?xml version="1.0" encoding="UTF-8"?>
<!-- Generated by org.testng.reporters.JUnitReportReporter -->
<testsuite name="com.test.automation.UIAutomation.tests.DashboardAdminHeaderTest" tests="2" time="9.934" ignored="0" failures="0" timestamp="09 Feb 2018 09:01:54 GMT" skipped="0" hostname="RIPLBRD50" errors="0">
  <testcase name="selctCandidateListPage" time="2.413" classname="com.test.automation.UIAutomation.tests.DashboardAdminHeaderTest"/>
  <testcase name="Logins" time="7.521" classname="com.test.automation.UIAutomation.tests.DashboardAdminHeaderTest"/>
</testsuite> <!-- com.test.automation.UIAutomation.tests.DashboardAdminHeaderTest -->
